{"numFailedTestSuites":1,"numFailedTests":1,"numPassedTestSuites":2,"numPassedTests":25,"numPendingTestSuites":0,"numPendingTests":0,"numRuntimeErrorTestSuites":0,"numTodoTests":0,"numTotalTestSuites":3,"numTotalTests":26,"openHandles":[],"snapshot":{"added":0,"didUpdate":false,"failure":false,"filesAdded":0,"filesRemoved":0,"filesRemovedList":[],"filesUnmatched":0,"filesUpdated":0,"matched":0,"total":0,"unchecked":0,"uncheckedKeysByFile":[],"unmatched":0,"updated":0},"startTime":1676557116701,"success":false,"testResults":[{"assertionResults":[{"ancestorTitles":["Create report html"],"failureMessages":[],"fullName":"Create report html Should return message if suiteIdentifier is null ","location":null,"status":"passed","title":"Should return message if suiteIdentifier is null "},{"ancestorTitles":["Create report html"],"failureMessages":[],"fullName":"Create report html Should return message if suiteIdentifier is undefined ","location":null,"status":"passed","title":"Should return message if suiteIdentifier is undefined "},{"ancestorTitles":["Create report html"],"failureMessages":[],"fullName":"Create report html Should return message if virtualUser is null ","location":null,"status":"passed","title":"Should return message if virtualUser is null "},{"ancestorTitles":["Create report html"],"failureMessages":[],"fullName":"Create report html Should return message if virtualUser is undefined ","location":null,"status":"passed","title":"Should return message if virtualUser is undefined "},{"ancestorTitles":["Create report html"],"failureMessages":[],"fullName":"Create report html Should return message if testOptions is null ","location":null,"status":"passed","title":"Should return message if testOptions is null "},{"ancestorTitles":["Create report html"],"failureMessages":[],"fullName":"Create report html Should return message if testOptions is undefined ","location":null,"status":"passed","title":"Should return message if testOptions is undefined "},{"ancestorTitles":["Create report html"],"failureMessages":[],"fullName":"Create report html Should return message if testUuid is null ","location":null,"status":"passed","title":"Should return message if testUuid is null "},{"ancestorTitles":["Create report html"],"failureMessages":[],"fullName":"Create report html Should return message if testUuid is undefined ","location":null,"status":"passed","title":"Should return message if testUuid is undefined "},{"ancestorTitles":["Create report html"],"failureMessages":[],"fullName":"Create report html Should return message if report web is false on testOptions file","location":null,"status":"passed","title":"Should return message if report web is false on testOptions file"},{"ancestorTitles":["Create report html"],"failureMessages":[],"fullName":"Create report html Should return message if report web is not present on testOptions file","location":null,"status":"passed","title":"Should return message if report web is not present on testOptions file"},{"ancestorTitles":["Create report html"],"failureMessages":["Error: Cannot find module '/home/oem/Documentos/work/seleniumjs4all/tests/createReportHTML/mock/03test-run-jest-output.json' from 'src/helpers/testHelpers.js'\n    at Resolver.resolveModule (/home/oem/Documentos/work/seleniumjs4all/node_modules/jest-resolve/build/resolver.js:324:11)\n    at Resolver._getVirtualMockPath (/home/oem/Documentos/work/seleniumjs4all/node_modules/jest-resolve/build/resolver.js:471:14)\n    at Resolver._getAbsolutePath (/home/oem/Documentos/work/seleniumjs4all/node_modules/jest-resolve/build/resolver.js:457:14)\n    at Resolver.getModuleID (/home/oem/Documentos/work/seleniumjs4all/node_modules/jest-resolve/build/resolver.js:424:31)\n    at Runtime._shouldMock (/home/oem/Documentos/work/seleniumjs4all/node_modules/jest-runtime/build/index.js:1917:37)\n    at Runtime.require [as requireModuleOrMock] (/home/oem/Documentos/work/seleniumjs4all/node_modules/jest-runtime/build/index.js:1204:14)\n    at createReportHTML (/home/oem/Documentos/work/seleniumjs4all/src/helpers/testHelpers.js:346:22)\n    at Object.<anonymous> (/home/oem/Documentos/work/seleniumjs4all/tests/createReportHTML/createReportHTML.test.js:64:28)\n    at Promise.then.completed (/home/oem/Documentos/work/seleniumjs4all/node_modules/jest-circus/build/utils.js:391:28)\n    at new Promise (<anonymous>)"],"fullName":"Create report html Should create the report html, with one virtualSuite","location":null,"status":"failed","title":"Should create the report html, with one virtualSuite"}],"endTime":1676557116855,"message":"  ● Create report html › Should create the report html, with one virtualSuite\n\n    Cannot find module '/home/oem/Documentos/work/seleniumjs4all/tests/createReportHTML/mock/03test-run-jest-output.json' from 'src/helpers/testHelpers.js'\n\n      344 |     return \"The report web is not required here\";\n      345 |\n    > 346 |   const jestOutput = require( path.join(rootPath,`${suiteIdentifier}-jest-output.json`));\n          |                      ^\n      347 |   let testResults = sortTestResults(jestOutput.testResults);\n      348 |   \n      349 |   const dataToReport = [];\n\n      at Resolver.resolveModule (node_modules/jest-resolve/build/resolver.js:324:11)\n      at createReportHTML (src/helpers/testHelpers.js:346:22)\n      at Object.<anonymous> (tests/createReportHTML/createReportHTML.test.js:64:28)\n","name":"/home/oem/Documentos/work/seleniumjs4all/tests/createReportHTML/createReportHTML.test.js","startTime":1676557116715,"status":"failed","summary":""},{"assertionResults":[{"ancestorTitles":["Create Table of Report to Acme Company"],"failureMessages":[],"fullName":"Create Table of Report to Acme Company Should return table if correct data is sent, to Acme Company","location":null,"status":"passed","title":"Should return table if correct data is sent, to Acme Company"},{"ancestorTitles":["Create Table of Report to Acme Company"],"failureMessages":[],"fullName":"Create Table of Report to Acme Company Should return the correct number of headers","location":null,"status":"passed","title":"Should return the correct number of headers"},{"ancestorTitles":["Create Table of Report to Acme Company"],"failureMessages":[],"fullName":"Create Table of Report to Acme Company Should return negative response if sent bad identifier","location":null,"status":"passed","title":"Should return negative response if sent bad identifier"},{"ancestorTitles":["Create Table of Report to Acme Company"],"failureMessages":[],"fullName":"Create Table of Report to Acme Company SuiteIdentifier should be a real value, diferent undefined","location":null,"status":"passed","title":"SuiteIdentifier should be a real value, diferent undefined"},{"ancestorTitles":["Create Table of Report to Acme Company"],"failureMessages":[],"fullName":"Create Table of Report to Acme Company SuiteIdentifier should be a real value, diferent null","location":null,"status":"passed","title":"SuiteIdentifier should be a real value, diferent null"},{"ancestorTitles":["Create Table of Report to Wonka Company"],"failureMessages":[],"fullName":"Create Table of Report to Wonka Company Should return table if correct data is sent, to Wonka Company","location":null,"status":"passed","title":"Should return table if correct data is sent, to Wonka Company"},{"ancestorTitles":["Create Table of Report to Wonka Company"],"failureMessages":[],"fullName":"Create Table of Report to Wonka Company Should return the correct number of headers","location":null,"status":"passed","title":"Should return the correct number of headers"},{"ancestorTitles":["Create Table of Report to Wonka Company"],"failureMessages":[],"fullName":"Create Table of Report to Wonka Company Should return negative response if sent bad identifier","location":null,"status":"passed","title":"Should return negative response if sent bad identifier"},{"ancestorTitles":["Create Table of Report to Wonka Company"],"failureMessages":[],"fullName":"Create Table of Report to Wonka Company SuiteIdentifier should be a real value, diferent undefined","location":null,"status":"passed","title":"SuiteIdentifier should be a real value, diferent undefined"},{"ancestorTitles":["Create Table of Report to Wonka Company"],"failureMessages":[],"fullName":"Create Table of Report to Wonka Company SuiteIdentifier should be a real value, diferent null","location":null,"status":"passed","title":"SuiteIdentifier should be a real value, diferent null"}],"endTime":1676557116924,"message":"","name":"/home/oem/Documentos/work/seleniumjs4all/tests/createTable/createTable.test.js","startTime":1676557116862,"status":"passed","summary":""},{"assertionResults":[{"ancestorTitles":["Sort tests result"],"failureMessages":[],"fullName":"Sort tests result Return message if the results is not present ","location":null,"status":"passed","title":"Return message if the results is not present "},{"ancestorTitles":["Sort tests result"],"failureMessages":[],"fullName":"Sort tests result Return message if the result is only a array without data","location":null,"status":"passed","title":"Return message if the result is only a array without data"},{"ancestorTitles":["Sort tests result"],"failureMessages":[],"fullName":"Sort tests result Return message if the result is only a array without data","location":null,"status":"passed","title":"Return message if the result is only a array without data"},{"ancestorTitles":["Sort tests result"],"failureMessages":[],"fullName":"Sort tests result Should return the same result if the array contains only one element","location":null,"status":"passed","title":"Should return the same result if the array contains only one element"},{"ancestorTitles":["Sort tests result"],"failureMessages":[],"fullName":"Sort tests result Should return the correct result orderly","location":null,"status":"passed","title":"Should return the correct result orderly"}],"endTime":1676557116978,"message":"","name":"/home/oem/Documentos/work/seleniumjs4all/tests/sortTestResult/sortTestResult.test.js","startTime":1676557116926,"status":"passed","summary":""}],"wasInterrupted":false}