{"numFailedTestSuites":0,"numFailedTests":0,"numPassedTestSuites":5,"numPassedTests":20,"numPendingTestSuites":0,"numPendingTests":13,"numRuntimeErrorTestSuites":0,"numTodoTests":0,"numTotalTestSuites":5,"numTotalTests":33,"openHandles":[],"snapshot":{"added":0,"didUpdate":false,"failure":false,"filesAdded":0,"filesRemoved":0,"filesRemovedList":[],"filesUnmatched":0,"filesUpdated":0,"matched":0,"total":0,"unchecked":0,"uncheckedKeysByFile":[],"unmatched":0,"updated":0},"startTime":1676589071639,"success":true,"testResults":[{"assertionResults":[{"ancestorTitles":["Create report htmljsdom"],"failureMessages":[],"fullName":"Create report htmljsdom Should return message if suiteIdentifier is null ","location":null,"status":"pending","title":"Should return message if suiteIdentifier is null "},{"ancestorTitles":["Create report htmljsdom"],"failureMessages":[],"fullName":"Create report htmljsdom Should return message if suiteIdentifier is undefined ","location":null,"status":"pending","title":"Should return message if suiteIdentifier is undefined "},{"ancestorTitles":["Create report htmljsdom"],"failureMessages":[],"fullName":"Create report htmljsdom Should return message if virtualUser is null ","location":null,"status":"pending","title":"Should return message if virtualUser is null "},{"ancestorTitles":["Create report htmljsdom"],"failureMessages":[],"fullName":"Create report htmljsdom Should return message if virtualUser is undefined ","location":null,"status":"pending","title":"Should return message if virtualUser is undefined "},{"ancestorTitles":["Create report htmljsdom"],"failureMessages":[],"fullName":"Create report htmljsdom Should return message if testOptions is null ","location":null,"status":"pending","title":"Should return message if testOptions is null "},{"ancestorTitles":["Create report htmljsdom"],"failureMessages":[],"fullName":"Create report htmljsdom Should return message if testOptions is undefined ","location":null,"status":"pending","title":"Should return message if testOptions is undefined "},{"ancestorTitles":["Create report htmljsdom"],"failureMessages":[],"fullName":"Create report htmljsdom Should return message if testUuid is null ","location":null,"status":"pending","title":"Should return message if testUuid is null "},{"ancestorTitles":["Create report htmljsdom"],"failureMessages":[],"fullName":"Create report htmljsdom Should return message if testUuid is undefined ","location":null,"status":"pending","title":"Should return message if testUuid is undefined "},{"ancestorTitles":["Create report htmljsdom"],"failureMessages":[],"fullName":"Create report htmljsdom Should return message if report web is false on testOptions file","location":null,"status":"pending","title":"Should return message if report web is false on testOptions file"},{"ancestorTitles":["Create report htmljsdom"],"failureMessages":[],"fullName":"Create report htmljsdom Should return message if report web is not present on testOptions file","location":null,"status":"pending","title":"Should return message if report web is not present on testOptions file"},{"ancestorTitles":["Create report htmljsdom"],"failureMessages":[],"fullName":"Create report htmljsdom Should return a message when creating the html report, with just a virtual Suite","location":null,"status":"pending","title":"Should return a message when creating the html report, with just a virtual Suite"},{"ancestorTitles":["Create report htmljsdom"],"failureMessages":[],"fullName":"Create report htmljsdom Should return a message when path of jest output is nor correct","location":null,"status":"pending","title":"Should return a message when path of jest output is nor correct"},{"ancestorTitles":["Create report htmljsdom"],"failureMessages":[],"fullName":"Create report htmljsdom Should create a report html into path ./report/${identifier}/${virtualUser}, there should be an index.html file","location":null,"status":"pending","title":"Should create a report html into path ./report/${identifier}/${virtualUser}, there should be an index.html file"},{"ancestorTitles":["Create report htmljsdom"],"failureMessages":[],"fullName":"Create report htmljsdom .....","location":null,"status":"passed","title":"....."}],"endTime":1676589072324,"message":"","name":"/home/oem/Documentos/work/seleniumjs4all/tests/createReportHTML/createReportHTML.test.js","startTime":1676589071658,"status":"passed","summary":""},{"assertionResults":[{"ancestorTitles":["Create Table of Report to Acme Company"],"failureMessages":[],"fullName":"Create Table of Report to Acme Company Should return table if correct data is sent, to Acme Company","location":null,"status":"passed","title":"Should return table if correct data is sent, to Acme Company"},{"ancestorTitles":["Create Table of Report to Acme Company"],"failureMessages":[],"fullName":"Create Table of Report to Acme Company Should return the correct number of headers","location":null,"status":"passed","title":"Should return the correct number of headers"},{"ancestorTitles":["Create Table of Report to Acme Company"],"failureMessages":[],"fullName":"Create Table of Report to Acme Company Should return negative response if sent bad identifier","location":null,"status":"passed","title":"Should return negative response if sent bad identifier"},{"ancestorTitles":["Create Table of Report to Acme Company"],"failureMessages":[],"fullName":"Create Table of Report to Acme Company SuiteIdentifier should be a real value, diferent undefined","location":null,"status":"passed","title":"SuiteIdentifier should be a real value, diferent undefined"},{"ancestorTitles":["Create Table of Report to Acme Company"],"failureMessages":[],"fullName":"Create Table of Report to Acme Company SuiteIdentifier should be a real value, diferent null","location":null,"status":"passed","title":"SuiteIdentifier should be a real value, diferent null"},{"ancestorTitles":["Create Table of Report to Wonka Company"],"failureMessages":[],"fullName":"Create Table of Report to Wonka Company Should return table if correct data is sent, to Wonka Company","location":null,"status":"passed","title":"Should return table if correct data is sent, to Wonka Company"},{"ancestorTitles":["Create Table of Report to Wonka Company"],"failureMessages":[],"fullName":"Create Table of Report to Wonka Company Should return the correct number of headers","location":null,"status":"passed","title":"Should return the correct number of headers"},{"ancestorTitles":["Create Table of Report to Wonka Company"],"failureMessages":[],"fullName":"Create Table of Report to Wonka Company Should return negative response if sent bad identifier","location":null,"status":"passed","title":"Should return negative response if sent bad identifier"},{"ancestorTitles":["Create Table of Report to Wonka Company"],"failureMessages":[],"fullName":"Create Table of Report to Wonka Company SuiteIdentifier should be a real value, diferent undefined","location":null,"status":"passed","title":"SuiteIdentifier should be a real value, diferent undefined"},{"ancestorTitles":["Create Table of Report to Wonka Company"],"failureMessages":[],"fullName":"Create Table of Report to Wonka Company SuiteIdentifier should be a real value, diferent null","location":null,"status":"passed","title":"SuiteIdentifier should be a real value, diferent null"}],"endTime":1676589072443,"message":"","name":"/home/oem/Documentos/work/seleniumjs4all/tests/createTable/createTable.test.js","startTime":1676589072330,"status":"passed","summary":""},{"assertionResults":[{"ancestorTitles":["Get Variable"],"failureMessages":[],"fullName":"Get Variable should return the correct variable, to number ","location":null,"status":"passed","title":"should return the correct variable, to number "},{"ancestorTitles":["Get Variable"],"failureMessages":[],"fullName":"Get Variable should return the correct variable, to string ","location":null,"status":"passed","title":"should return the correct variable, to string "},{"ancestorTitles":["Get Variable"],"failureMessages":[],"fullName":"Get Variable should return the correct variable, to lower case ","location":null,"status":"passed","title":"should return the correct variable, to lower case "}],"endTime":1676589072529,"message":"","name":"/home/oem/Documentos/work/seleniumjs4all/tests/getVariable/getVariable.test.js","startTime":1676589072447,"status":"passed","summary":""},{"assertionResults":[{"ancestorTitles":["Sort tests result"],"failureMessages":[],"fullName":"Sort tests result Return message if the results is not present ","location":null,"status":"passed","title":"Return message if the results is not present "},{"ancestorTitles":["Sort tests result"],"failureMessages":[],"fullName":"Sort tests result Return message if the result is only a array without data","location":null,"status":"passed","title":"Return message if the result is only a array without data"},{"ancestorTitles":["Sort tests result"],"failureMessages":[],"fullName":"Sort tests result Return message if the result is only a array without data","location":null,"status":"passed","title":"Return message if the result is only a array without data"},{"ancestorTitles":["Sort tests result"],"failureMessages":[],"fullName":"Sort tests result Should return the same result if the array contains only one element","location":null,"status":"passed","title":"Should return the same result if the array contains only one element"},{"ancestorTitles":["Sort tests result"],"failureMessages":[],"fullName":"Sort tests result Should return the correct result orderly","location":null,"status":"passed","title":"Should return the correct result orderly"}],"endTime":1676589072590,"message":"","name":"/home/oem/Documentos/work/seleniumjs4all/tests/sortTestResult/sortTestResult.test.js","startTime":1676589072531,"status":"passed","summary":""},{"assertionResults":[{"ancestorTitles":["Format Variables by Env"],"failureMessages":[],"fullName":"Format Variables by Env should return all variables","location":null,"status":"passed","title":"should return all variables"}],"endTime":1676589072642,"message":"","name":"/home/oem/Documentos/work/seleniumjs4all/tests/formatVarsEnv/formatVarsEnv.test.js","startTime":1676589072592,"status":"passed","summary":""}],"wasInterrupted":false}