{
    "numFailedTestSuites": 1,
    "numFailedTests": 1,
    "numPassedTestSuites": 1,
    "numPassedTests": 1,
    "numPendingTestSuites": 0,
    "numPendingTests": 0,
    "numRuntimeErrorTestSuites": 0,
    "numTodoTests": 0,
    "numTotalTestSuites": 2,
    "numTotalTests": 2,
    "openHandles": [],
    "snapshot": {
        "added": 0,
        "didUpdate": false,
        "failure": false,
        "filesAdded": 0,
        "filesRemoved": 0,
        "filesRemovedList": [],
        "filesUnmatched": 0,
        "filesUpdated": 0,
        "matched": 0,
        "total": 0,
        "unchecked": 0,
        "uncheckedKeysByFile": [],
        "unmatched": 0,
        "updated": 0
    },
    "startTime": 1676322193441,
    "success": false,
    "testResults": [
        {
            "assertionResults": [
                {
                    "ancestorTitles": [
                        "The \"Chapa tu carrera\" page should load correctly"
                    ],
                    "failureMessages": [
                        "Error: expect(received).toBe(expected) // Object.is equality\n\nExpected: true\nReceived: false\n    at Object.<anonymous> (/home/oem/Documentos/work/seleniumjs4all/tests/02.test.js:18:19)\n    at Promise.then.completed (/home/oem/Documentos/work/seleniumjs4all/node_modules/jest-circus/build/utils.js:391:28)\n    at new Promise (<anonymous>)\n    at callAsyncCircusFn (/home/oem/Documentos/work/seleniumjs4all/node_modules/jest-circus/build/utils.js:316:10)\n    at _callCircusTest (/home/oem/Documentos/work/seleniumjs4all/node_modules/jest-circus/build/run.js:218:40)\n    at processTicksAndRejections (node:internal/process/task_queues:96:5)\n    at _runTest (/home/oem/Documentos/work/seleniumjs4all/node_modules/jest-circus/build/run.js:155:3)\n    at _runTestsForDescribeBlock (/home/oem/Documentos/work/seleniumjs4all/node_modules/jest-circus/build/run.js:66:9)\n    at _runTestsForDescribeBlock (/home/oem/Documentos/work/seleniumjs4all/node_modules/jest-circus/build/run.js:60:9)\n    at run (/home/oem/Documentos/work/seleniumjs4all/node_modules/jest-circus/build/run.js:25:3)"
                    ],
                    "fullName": "The \"Chapa tu carrera\" page should load correctly 1cfc3cb39d43 The website should load correctly",
                    "location": null,
                    "status": "failed",
                    "title": "1cfc3cb39d43 The website should load correctly"
                }
            ],
            "endTime": 1676322193766,
            "message": "  ● The \"Chapa tu carrera\" page should load correctly › 1cfc3cb39d43 The website should load correctly\n\n    expect(received).toBe(expected) // Object.is equality\n\n    Expected: true\n    Received: false\n\n      16 |     const value = false\n      17 |\n    > 18 |     expect(value).toBe(true)\n         |                   ^\n      19 |   })\n      20 |\n      21 |   afterAll(async () => {\n\n      at Object.<anonymous> (tests/02.test.js:18:19)\n",
            "name": "/home/oem/Documentos/work/seleniumjs4all/tests/02.test.js",
            "startTime": 1676322193455,
            "status": "failed",
            "summary": ""
        },
        {
            "assertionResults": [
                {
                    "ancestorTitles": [
                        "The \"Chapa tu carrera\" page should load correctly"
                    ],
                    "failureMessages": [],
                    "fullName": "The \"Chapa tu carrera\" page should load correctly 1cfc3cb39d43 The website should load correctly",
                    "location": null,
                    "status": "passed",
                    "title": "1cfc3cb39d43 The website should load correctly"
                }
            ],
            "endTime": 1676322193968,
            "message": "",
            "name": "/home/oem/Documentos/work/seleniumjs4all/tests/01.test.js",
            "startTime": 1676322193770,
            "status": "passed",
            "summary": ""
        }
    ],
    "wasInterrupted": false
}